<?xml version="1.0" encoding="UTF-8"?>
<!-- Generated by org.testng.reporters.JUnitXMLReporter -->
<testsuite ignored="0" hostname="INLEN8520057570" failures="1" tests="1" name="Json DataReader Tests" time="0.072" errors="0" timestamp="2024-05-26T23:18:13 IST">
  <testcase classname="selenium.pageobjectmodel.Tests.JsonDataReader" name="getJsonData" time="0.022">
    <failure type="java.io.FileNotFoundException" message="[
	{
			&amp;quot;userName&amp;quot;: &amp;quot;contact.sonali@gmail.com&amp;quot;,
			&amp;quot;password&amp;quot;: &amp;quot;sonaliDemo123&amp;quot;,
			&amp;quot;productName&amp;quot;: &amp;quot;ZARA COAT 3&amp;quot;
	},
	{
			&amp;quot;userName&amp;quot;: &amp;quot;contact.sonali@gmail.com&amp;quot;,
			&amp;quot;password&amp;quot;: &amp;quot;sonaliDemo123&amp;quot;,
			&amp;quot;productName&amp;quot;: &amp;quot;ADIDAS ORIGINAL&amp;quot;
	}
] (The filename, directory name, or volume label syntax is incorrect)">
      <![CDATA[java.io.FileNotFoundException: [
{
"userName": "contact.sonali@gmail.com",
"password": "sonaliDemo123",
"productName": "ZARA COAT 3"
},
{
"userName": "contact.sonali@gmail.com",
"password": "sonaliDemo123",
"productName": "ADIDAS ORIGINAL"
}
] (The filename, directory name, or volume label syntax is incorrect)
at java.base/java.io.FileInputStream.open0(Native Method)
at java.base/java.io.FileInputStream.open(FileInputStream.java:216)
at java.base/java.io.FileInputStream.<init>(FileInputStream.java:157)
at java.base/java.io.FileInputStream.<init>(FileInputStream.java:111)
at java.base/java.io.FileReader.<init>(FileReader.java:60)
at selenium.pageobjectmodel.Tests.JsonDataReader.getJsonData(JsonDataReader.java:28)
at java.base/java.util.ArrayList.forEach(ArrayList.java:1511)
... Removed 27 stack frames]]>
    </failure>
  </testcase> <!-- getJsonData -->
</testsuite> <!-- Json DataReader Tests -->
